[02/Jan/2014:03:41:22] ENGINE Bus STARTING
[02/Jan/2014:03:41:22] ENGINE Started monitor thread '_TimeoutMonitor'.
[02/Jan/2014:03:41:22] ENGINE Serving on localhost:8080
[02/Jan/2014:03:41:22] ENGINE Bus STARTED
[02/Jan/2014:03:41:42] ENGINE Keyboard Interrupt: shutting down bus
[02/Jan/2014:03:41:42] ENGINE Bus STOPPING
[02/Jan/2014:03:41:46] ENGINE HTTP Server cherrypy._cpwsgi_server.CPWSGIServer(('localhost', 8080)) shut down
[02/Jan/2014:03:41:46] ENGINE Stopped thread '_TimeoutMonitor'.
[02/Jan/2014:03:41:46] ENGINE Bus STOPPED
[02/Jan/2014:03:41:46] ENGINE Bus EXITING
[02/Jan/2014:03:41:46] ENGINE Bus EXITED
[02/Jan/2014:03:41:46] ENGINE Waiting for child threads to terminate...
[02/Jan/2014:03:42:48] ENGINE Bus STARTING
[02/Jan/2014:03:42:48] ENGINE Started monitor thread '_TimeoutMonitor'.
[02/Jan/2014:03:42:48] ENGINE Serving on localhost:8080
[02/Jan/2014:03:42:48] ENGINE Bus STARTED
[02/Jan/2014:03:42:50] ENGINE Keyboard Interrupt: shutting down bus
[02/Jan/2014:03:42:50] ENGINE Bus STOPPING
[02/Jan/2014:03:42:50] ENGINE HTTP Server cherrypy._cpwsgi_server.CPWSGIServer(('localhost', 8080)) shut down
[02/Jan/2014:03:42:50] ENGINE Stopped thread '_TimeoutMonitor'.
[02/Jan/2014:03:42:50] ENGINE Bus STOPPED
[02/Jan/2014:03:42:50] ENGINE Bus EXITING
[02/Jan/2014:03:42:50] ENGINE Bus EXITED
[02/Jan/2014:03:42:50] ENGINE Waiting for child threads to terminate...
[02/Jan/2014:03:44:54] ENGINE Bus STARTING
[02/Jan/2014:03:44:54] ENGINE Started monitor thread '_TimeoutMonitor'.
[02/Jan/2014:03:44:54] ENGINE Serving on localhost:8080
[02/Jan/2014:03:44:54] ENGINE Bus STARTED
[02/Jan/2014:03:45:13] ENGINE Keyboard Interrupt: shutting down bus
[02/Jan/2014:03:45:13] ENGINE Bus STOPPING
[02/Jan/2014:03:45:18] ENGINE HTTP Server cherrypy._cpwsgi_server.CPWSGIServer(('localhost', 8080)) shut down
[02/Jan/2014:03:45:18] ENGINE Stopped thread '_TimeoutMonitor'.
[02/Jan/2014:03:45:18] ENGINE Bus STOPPED
[02/Jan/2014:03:45:18] ENGINE Bus EXITING
[02/Jan/2014:03:45:18] ENGINE Bus EXITED
[02/Jan/2014:03:45:18] ENGINE Waiting for child threads to terminate...
[02/Jan/2014:03:45:18] ENGINE Waiting for thread Thread-1.
[02/Jan/2014:03:47:09] ENGINE Bus STARTING
[02/Jan/2014:03:47:09] ENGINE Started monitor thread '_TimeoutMonitor'.
[02/Jan/2014:03:47:09] ENGINE Serving on localhost:8080
[02/Jan/2014:03:47:09] ENGINE Bus STARTED
